\BOOKMARK [0][-]{chapter.1}{\376\377\0001\000\040\000C\000h\000r\000o\000m\000a\000t\000i\000c\000\040\000n\000u\000m\000b\000e\000r\000\040\000-\000\040\000G\000r\000a\000p\000h\000\040\000c\000o\000l\000o\000r\000i\000n\000g\000\040\000p\000r\000o\000b\000l\000e\000m}{}% 1
\BOOKMARK [1][-]{section.1.1}{\376\377\0001\000.\0001\000\040\000I\000n\000t\000r\000o\000d\000u\000c\000t\000i\000o\000n}{chapter.1}% 2
\BOOKMARK [1][-]{section.1.2}{\376\377\0001\000.\0002\000\040\000C\000o\000m\000p\000i\000l\000a\000t\000i\000o\000n}{chapter.1}% 3
\BOOKMARK [1][-]{section.1.3}{\376\377\0001\000.\0003\000\040\000R\000u\000n\000\040\000t\000h\000e\000\040\000p\000r\000o\000g\000r\000a\000m}{chapter.1}% 4
\BOOKMARK [2][-]{subsection.1.3.1}{\376\377\0001\000.\0003\000.\0001\000\040\000R\000u\000n\000\040\000u\000s\000i\000n\000g\000\040\000t\000h\000e\000\040\000t\000e\000r\000m\000i\000n\000a\000l}{section.1.3}% 5
\BOOKMARK [2][-]{subsection.1.3.2}{\376\377\0001\000.\0003\000.\0002\000\040\000R\000u\000n\000\040\000w\000i\000t\000h\000o\000u\000t\000\040\000t\000h\000e\000\040\000t\000e\000r\000m\000i\000n\000a\000l}{section.1.3}% 6
\BOOKMARK [1][-]{section.1.4}{\376\377\0001\000.\0004\000\040\000O\000p\000e\000n\000\040\000s\000o\000u\000r\000c\000e}{chapter.1}% 7
\BOOKMARK [0][-]{chapter.2}{\376\377\0002\000\040\000B\000u\000g\000\040\000L\000i\000s\000t}{}% 8
\BOOKMARK [0][-]{chapter.3}{\376\377\0003\000\040\000C\000l\000a\000s\000s\000\040\000I\000n\000d\000e\000x}{}% 9
\BOOKMARK [1][-]{section.3.1}{\376\377\0003\000.\0001\000\040\000C\000l\000a\000s\000s\000\040\000L\000i\000s\000t}{chapter.3}% 10
\BOOKMARK [0][-]{chapter.4}{\376\377\0004\000\040\000F\000i\000l\000e\000\040\000I\000n\000d\000e\000x}{}% 11
\BOOKMARK [1][-]{section.4.1}{\376\377\0004\000.\0001\000\040\000F\000i\000l\000e\000\040\000L\000i\000s\000t}{chapter.4}% 12
\BOOKMARK [0][-]{chapter.5}{\376\377\0005\000\040\000C\000l\000a\000s\000s\000\040\000D\000o\000c\000u\000m\000e\000n\000t\000a\000t\000i\000o\000n}{}% 13
\BOOKMARK [1][-]{section.5.1}{\376\377\0005\000.\0001\000\040\000n\000o\000d\000e\000\137\000s\000t\000r\000u\000c\000t\000\040\000S\000t\000r\000u\000c\000t\000\040\000R\000e\000f\000e\000r\000e\000n\000c\000e}{chapter.5}% 14
\BOOKMARK [2][-]{subsection.5.1.1}{\376\377\0005\000.\0001\000.\0001\000\040\000D\000e\000t\000a\000i\000l\000e\000d\000\040\000D\000e\000s\000c\000r\000i\000p\000t\000i\000o\000n}{section.5.1}% 15
\BOOKMARK [2][-]{subsection.5.1.2}{\376\377\0005\000.\0001\000.\0002\000\040\000M\000e\000m\000b\000e\000r\000\040\000D\000a\000t\000a\000\040\000D\000o\000c\000u\000m\000e\000n\000t\000a\000t\000i\000o\000n}{section.5.1}% 16
\BOOKMARK [3][-]{subsubsection.5.1.2.1}{\376\377\0005\000.\0001\000.\0002\000.\0001\000\040\000c\000o\000l\000o\000r}{subsection.5.1.2}% 17
\BOOKMARK [3][-]{subsubsection.5.1.2.2}{\376\377\0005\000.\0001\000.\0002\000.\0002\000\040\000i\000d}{subsection.5.1.2}% 18
\BOOKMARK [3][-]{subsubsection.5.1.2.3}{\376\377\0005\000.\0001\000.\0002\000.\0003\000\040\000s\000u\000m\000c\000o\000n\000n\000e\000c\000t\000i\000o\000n}{subsection.5.1.2}% 19
\BOOKMARK [0][-]{chapter.6}{\376\377\0006\000\040\000F\000i\000l\000e\000\040\000D\000o\000c\000u\000m\000e\000n\000t\000a\000t\000i\000o\000n}{}% 20
\BOOKMARK [1][-]{section.6.1}{\376\377\0006\000.\0001\000\040\000a\000l\000g\000o\000r\000i\000t\000h\000m\000s\000/\000b\000a\000c\000k\000t\000r\000a\000c\000k\000i\000n\000g\000/\000b\000a\000c\000k\000t\000r\000a\000c\000k\000i\000n\000g\000.\000c\000\040\000F\000i\000l\000e\000\040\000R\000e\000f\000e\000r\000e\000n\000c\000e}{chapter.6}% 21
\BOOKMARK [1][-]{section.6.2}{\376\377\0006\000.\0002\000\040\000a\000l\000g\000o\000r\000i\000t\000h\000m\000s\000/\000b\000a\000c\000k\000t\000r\000a\000c\000k\000i\000n\000g\000/\000b\000a\000c\000k\000t\000r\000a\000c\000k\000i\000n\000g\000.\000h\000\040\000F\000i\000l\000e\000\040\000R\000e\000f\000e\000r\000e\000n\000c\000e}{chapter.6}% 22
\BOOKMARK [2][-]{subsection.6.2.1}{\376\377\0006\000.\0002\000.\0001\000\040\000F\000u\000n\000c\000t\000i\000o\000n\000\040\000D\000o\000c\000u\000m\000e\000n\000t\000a\000t\000i\000o\000n}{section.6.2}% 23
\BOOKMARK [3][-]{subsubsection.6.2.1.1}{\376\377\0006\000.\0002\000.\0001\000.\0001\000\040\000g\000r\000a\000p\000h\000m\000i\000n\000c\000o\000l\000o\000r\000s\000b\000a\000c\000k\000t\000r\000a\000c\000i\000n\000g\000\050\000i\000n\000t\000\040\000*\000g\000r\000a\000p\000h\000m\000a\000t\000r\000i\000x\000,\000\040\000i\000n\000t\000\040\000n\000u\000m\000o\000f\000n\000o\000d\000e\000s\000\051}{subsection.6.2.1}% 24
\BOOKMARK [1][-]{section.6.3}{\376\377\0006\000.\0003\000\040\000a\000l\000g\000o\000r\000i\000t\000h\000m\000s\000/\000w\000e\000l\000s\000h\000\137\000p\000o\000w\000e\000l\000l\000/\000w\000e\000l\000s\000h\000\137\000p\000o\000w\000e\000l\000l\000.\000c\000\040\000F\000i\000l\000e\000\040\000R\000e\000f\000e\000r\000e\000n\000c\000e}{chapter.6}% 25
\BOOKMARK [2][-]{subsection.6.3.1}{\376\377\0006\000.\0003\000.\0001\000\040\000F\000u\000n\000c\000t\000i\000o\000n\000\040\000D\000o\000c\000u\000m\000e\000n\000t\000a\000t\000i\000o\000n}{section.6.3}% 26
\BOOKMARK [3][-]{subsubsection.6.3.1.1}{\376\377\0006\000.\0003\000.\0001\000.\0001\000\040\000g\000e\000t\000n\000o\000d\000e\000c\000o\000l\000o\000r\000\050\000i\000n\000t\000\040\000n\000o\000d\000e\000i\000d\000,\000\040\000s\000t\000r\000u\000c\000t\000\040\000n\000o\000d\000e\000s\000t\000r\000u\000c\000t\000\040\000*\000n\000o\000d\000e\000s\000,\000\040\000i\000n\000t\000\040\000n\000u\000m\000o\000f\000n\000o\000d\000e\000s\000\051}{subsection.6.3.1}% 27
\BOOKMARK [3][-]{subsubsection.6.3.1.2}{\376\377\0006\000.\0003\000.\0001\000.\0002\000\040\000g\000r\000a\000p\000h\000m\000i\000n\000c\000o\000l\000o\000r\000s\000w\000e\000l\000s\000h\000p\000o\000w\000e\000l\000l\000\050\000i\000n\000t\000\040\000*\000g\000r\000a\000p\000h\000m\000a\000t\000r\000i\000x\000,\000\040\000i\000n\000t\000\040\000n\000u\000m\000o\000f\000n\000o\000d\000e\000s\000,\000\040\000s\000t\000r\000u\000c\000t\000\040\000n\000o\000d\000e\000s\000t\000r\000u\000c\000t\000\040\000*\000n\000o\000d\000e\000s\000\051}{subsection.6.3.1}% 28
\BOOKMARK [1][-]{section.6.4}{\376\377\0006\000.\0004\000\040\000a\000l\000g\000o\000r\000i\000t\000h\000m\000s\000/\000w\000e\000l\000s\000h\000\137\000p\000o\000w\000e\000l\000l\000/\000w\000e\000l\000s\000h\000\137\000p\000o\000w\000e\000l\000l\000.\000h\000\040\000F\000i\000l\000e\000\040\000R\000e\000f\000e\000r\000e\000n\000c\000e}{chapter.6}% 29
\BOOKMARK [2][-]{subsection.6.4.1}{\376\377\0006\000.\0004\000.\0001\000\040\000F\000u\000n\000c\000t\000i\000o\000n\000\040\000D\000o\000c\000u\000m\000e\000n\000t\000a\000t\000i\000o\000n}{section.6.4}% 30
\BOOKMARK [3][-]{subsubsection.6.4.1.1}{\376\377\0006\000.\0004\000.\0001\000.\0001\000\040\000g\000e\000t\000n\000o\000d\000e\000c\000o\000l\000o\000r\000\050\000i\000n\000t\000\040\000n\000o\000d\000e\000i\000d\000,\000\040\000s\000t\000r\000u\000c\000t\000\040\000n\000o\000d\000e\000s\000t\000r\000u\000c\000t\000\040\000*\000n\000o\000d\000e\000s\000,\000\040\000i\000n\000t\000\040\000n\000u\000m\000o\000f\000n\000o\000d\000e\000s\000\051}{subsection.6.4.1}% 31
\BOOKMARK [3][-]{subsubsection.6.4.1.2}{\376\377\0006\000.\0004\000.\0001\000.\0002\000\040\000g\000r\000a\000p\000h\000m\000i\000n\000c\000o\000l\000o\000r\000s\000w\000e\000l\000s\000h\000p\000o\000w\000e\000l\000l\000\050\000i\000n\000t\000\040\000*\000g\000r\000a\000p\000h\000m\000a\000t\000r\000i\000x\000,\000\040\000i\000n\000t\000\040\000n\000u\000m\000o\000f\000n\000o\000d\000e\000s\000,\000\040\000s\000t\000r\000u\000c\000t\000\040\000n\000o\000d\000e\000s\000t\000r\000u\000c\000t\000\040\000*\000n\000o\000d\000e\000s\000\051}{subsection.6.4.1}% 32
\BOOKMARK [1][-]{section.6.5}{\376\377\0006\000.\0005\000\040\000g\000r\000a\000p\000h\000/\000c\000r\000e\000a\000t\000e\000\137\000g\000r\000a\000p\000h\000.\000c\000\040\000F\000i\000l\000e\000\040\000R\000e\000f\000e\000r\000e\000n\000c\000e}{chapter.6}% 33
\BOOKMARK [2][-]{subsection.6.5.1}{\376\377\0006\000.\0005\000.\0001\000\040\000F\000u\000n\000c\000t\000i\000o\000n\000\040\000D\000o\000c\000u\000m\000e\000n\000t\000a\000t\000i\000o\000n}{section.6.5}% 34
\BOOKMARK [3][-]{subsubsection.6.5.1.1}{\376\377\0006\000.\0005\000.\0001\000.\0001\000\040\000c\000r\000e\000a\000t\000e\000g\000r\000a\000p\000h\000\050\000i\000n\000t\000\040\000*\000g\000r\000a\000p\000h\000m\000a\000t\000r\000i\000x\000,\000\040\000i\000n\000t\000\040\000*\000n\000u\000m\000o\000f\000n\000o\000d\000e\000s\000\051}{subsection.6.5.1}% 35
\BOOKMARK [1][-]{section.6.6}{\376\377\0006\000.\0006\000\040\000g\000r\000a\000p\000h\000/\000c\000r\000e\000a\000t\000e\000\137\000g\000r\000a\000p\000h\000.\000h\000\040\000F\000i\000l\000e\000\040\000R\000e\000f\000e\000r\000e\000n\000c\000e}{chapter.6}% 36
\BOOKMARK [2][-]{subsection.6.6.1}{\376\377\0006\000.\0006\000.\0001\000\040\000F\000u\000n\000c\000t\000i\000o\000n\000\040\000D\000o\000c\000u\000m\000e\000n\000t\000a\000t\000i\000o\000n}{section.6.6}% 37
\BOOKMARK [3][-]{subsubsection.6.6.1.1}{\376\377\0006\000.\0006\000.\0001\000.\0001\000\040\000c\000r\000e\000a\000t\000e\000g\000r\000a\000p\000h\000\050\000i\000n\000t\000\040\000*\000g\000r\000a\000p\000h\000m\000a\000t\000r\000i\000x\000,\000\040\000i\000n\000t\000\040\000*\000n\000u\000m\000o\000f\000n\000o\000d\000e\000s\000\051}{subsection.6.6.1}% 38
\BOOKMARK [1][-]{section.6.7}{\376\377\0006\000.\0007\000\040\000g\000r\000a\000p\000h\000/\000l\000o\000a\000d\000\137\000g\000r\000a\000p\000h\000.\000c\000\040\000F\000i\000l\000e\000\040\000R\000e\000f\000e\000r\000e\000n\000c\000e}{chapter.6}% 39
\BOOKMARK [2][-]{subsection.6.7.1}{\376\377\0006\000.\0007\000.\0001\000\040\000F\000u\000n\000c\000t\000i\000o\000n\000\040\000D\000o\000c\000u\000m\000e\000n\000t\000a\000t\000i\000o\000n}{section.6.7}% 40
\BOOKMARK [3][-]{subsubsection.6.7.1.1}{\376\377\0006\000.\0007\000.\0001\000.\0001\000\040\000l\000o\000a\000d\000g\000r\000a\000p\000h\000\050\000i\000n\000t\000\040\000*\000g\000r\000a\000p\000h\000m\000a\000t\000r\000i\000x\000,\000\040\000i\000n\000t\000\040\000*\000n\000u\000m\000o\000f\000n\000o\000d\000e\000s\000\051}{subsection.6.7.1}% 41
\BOOKMARK [1][-]{section.6.8}{\376\377\0006\000.\0008\000\040\000g\000r\000a\000p\000h\000/\000l\000o\000a\000d\000\137\000g\000r\000a\000p\000h\000.\000h\000\040\000F\000i\000l\000e\000\040\000R\000e\000f\000e\000r\000e\000n\000c\000e}{chapter.6}% 42
\BOOKMARK [2][-]{subsection.6.8.1}{\376\377\0006\000.\0008\000.\0001\000\040\000F\000u\000n\000c\000t\000i\000o\000n\000\040\000D\000o\000c\000u\000m\000e\000n\000t\000a\000t\000i\000o\000n}{section.6.8}% 43
\BOOKMARK [3][-]{subsubsection.6.8.1.1}{\376\377\0006\000.\0008\000.\0001\000.\0001\000\040\000l\000o\000a\000d\000g\000r\000a\000p\000h\000\050\000i\000n\000t\000\040\000*\000g\000r\000a\000p\000h\000m\000a\000t\000r\000i\000x\000,\000\040\000i\000n\000t\000\040\000*\000n\000u\000m\000o\000f\000n\000o\000d\000e\000s\000\051}{subsection.6.8.1}% 44
\BOOKMARK [1][-]{section.6.9}{\376\377\0006\000.\0009\000\040\000g\000r\000a\000p\000h\000/\000s\000h\000o\000w\000\137\000g\000r\000a\000p\000h\000.\000c\000\040\000F\000i\000l\000e\000\040\000R\000e\000f\000e\000r\000e\000n\000c\000e}{chapter.6}% 45
\BOOKMARK [2][-]{subsection.6.9.1}{\376\377\0006\000.\0009\000.\0001\000\040\000F\000u\000n\000c\000t\000i\000o\000n\000\040\000D\000o\000c\000u\000m\000e\000n\000t\000a\000t\000i\000o\000n}{section.6.9}% 46
\BOOKMARK [3][-]{subsubsection.6.9.1.1}{\376\377\0006\000.\0009\000.\0001\000.\0001\000\040\000s\000h\000o\000w\000g\000r\000a\000p\000h\000m\000a\000t\000r\000i\000x\000\050\000i\000n\000t\000\040\000*\000g\000r\000a\000p\000h\000m\000a\000t\000r\000i\000x\000,\000\040\000i\000n\000t\000\040\000n\000u\000m\000o\000f\000n\000o\000d\000e\000s\000\051}{subsection.6.9.1}% 47
\BOOKMARK [1][-]{section.6.10}{\376\377\0006\000.\0001\0000\000\040\000g\000r\000a\000p\000h\000/\000s\000h\000o\000w\000\137\000g\000r\000a\000p\000h\000.\000h\000\040\000F\000i\000l\000e\000\040\000R\000e\000f\000e\000r\000e\000n\000c\000e}{chapter.6}% 48
\BOOKMARK [2][-]{subsection.6.10.1}{\376\377\0006\000.\0001\0000\000.\0001\000\040\000F\000u\000n\000c\000t\000i\000o\000n\000\040\000D\000o\000c\000u\000m\000e\000n\000t\000a\000t\000i\000o\000n}{section.6.10}% 49
\BOOKMARK [3][-]{subsubsection.6.10.1.1}{\376\377\0006\000.\0001\0000\000.\0001\000.\0001\000\040\000s\000h\000o\000w\000g\000r\000a\000p\000h\000m\000a\000t\000r\000i\000x\000\050\000i\000n\000t\000\040\000*\000g\000r\000a\000p\000h\000m\000a\000t\000r\000i\000x\000,\000\040\000i\000n\000t\000\040\000n\000u\000m\000o\000f\000n\000o\000d\000e\000s\000\051}{subsection.6.10.1}% 50
\BOOKMARK [1][-]{section.6.11}{\376\377\0006\000.\0001\0001\000\040\000m\000a\000i\000n\000.\000c\000\040\000F\000i\000l\000e\000\040\000R\000e\000f\000e\000r\000e\000n\000c\000e}{chapter.6}% 51
\BOOKMARK [2][-]{subsection.6.11.1}{\376\377\0006\000.\0001\0001\000.\0001\000\040\000D\000e\000t\000a\000i\000l\000e\000d\000\040\000D\000e\000s\000c\000r\000i\000p\000t\000i\000o\000n}{section.6.11}% 52
\BOOKMARK [2][-]{subsection.6.11.2}{\376\377\0006\000.\0001\0001\000.\0002\000\040\000F\000u\000n\000c\000t\000i\000o\000n\000\040\000D\000o\000c\000u\000m\000e\000n\000t\000a\000t\000i\000o\000n}{section.6.11}% 53
\BOOKMARK [3][-]{subsubsection.6.11.2.1}{\376\377\0006\000.\0001\0001\000.\0002\000.\0001\000\040\000a\000l\000g\000o\000r\000i\000t\000h\000m\000m\000e\000n\000u\000\050\000i\000n\000t\000\040\000*\000g\000r\000a\000p\000h\000m\000a\000t\000r\000i\000x\000,\000\040\000i\000n\000t\000\040\000n\000u\000m\000o\000f\000n\000o\000d\000e\000s\000\051}{subsection.6.11.2}% 54
\BOOKMARK [3][-]{subsubsection.6.11.2.2}{\376\377\0006\000.\0001\0001\000.\0002\000.\0002\000\040\000m\000a\000i\000n\000\050\000\051}{subsection.6.11.2}% 55
\BOOKMARK [1][-]{section.6.12}{\376\377\0006\000.\0001\0002\000\040\000n\000o\000d\000e\000s\000/\000n\000o\000d\000e\000\137\000s\000t\000r\000u\000c\000t\000u\000r\000e\000.\000h\000\040\000F\000i\000l\000e\000\040\000R\000e\000f\000e\000r\000e\000n\000c\000e}{chapter.6}% 56
\BOOKMARK [2][-]{subsection.6.12.1}{\376\377\0006\000.\0001\0002\000.\0001\000\040\000D\000e\000t\000a\000i\000l\000e\000d\000\040\000D\000e\000s\000c\000r\000i\000p\000t\000i\000o\000n}{section.6.12}% 57
\BOOKMARK [2][-]{subsection.6.12.2}{\376\377\0006\000.\0001\0002\000.\0002\000\040\000T\000y\000p\000e\000d\000e\000f\000\040\000D\000o\000c\000u\000m\000e\000n\000t\000a\000t\000i\000o\000n}{section.6.12}% 58
\BOOKMARK [3][-]{subsubsection.6.12.2.1}{\376\377\0006\000.\0001\0002\000.\0002\000.\0001\000\040\000n\000o\000d\000e\000s\000t\000r\000u\000c\000t}{subsection.6.12.2}% 59
\BOOKMARK [1][-]{section.6.13}{\376\377\0006\000.\0001\0003\000\040\000n\000o\000d\000e\000s\000/\000n\000o\000d\000e\000s\000.\000c\000\040\000F\000i\000l\000e\000\040\000R\000e\000f\000e\000r\000e\000n\000c\000e}{chapter.6}% 60
\BOOKMARK [2][-]{subsection.6.13.1}{\376\377\0006\000.\0001\0003\000.\0001\000\040\000F\000u\000n\000c\000t\000i\000o\000n\000\040\000D\000o\000c\000u\000m\000e\000n\000t\000a\000t\000i\000o\000n}{section.6.13}% 61
\BOOKMARK [3][-]{subsubsection.6.13.1.1}{\376\377\0006\000.\0001\0003\000.\0001\000.\0001\000\040\000c\000r\000e\000a\000t\000e\000n\000o\000d\000e\000s\000\050\000s\000t\000r\000u\000c\000t\000\040\000n\000o\000d\000e\000s\000t\000r\000u\000c\000t\000\040\000*\000n\000o\000d\000e\000s\000,\000\040\000i\000n\000t\000\040\000n\000u\000m\000o\000f\000n\000o\000d\000e\000s\000,\000\040\000i\000n\000t\000\040\000*\000g\000r\000a\000p\000h\000m\000a\000t\000r\000i\000x\000\051}{subsection.6.13.1}% 62
\BOOKMARK [3][-]{subsubsection.6.13.1.2}{\376\377\0006\000.\0001\0003\000.\0001\000.\0002\000\040\000s\000h\000o\000w\000n\000o\000d\000e\000s\000d\000a\000t\000a\000\050\000s\000t\000r\000u\000c\000t\000\040\000n\000o\000d\000e\000s\000t\000r\000u\000c\000t\000\040\000*\000n\000o\000d\000e\000s\000,\000\040\000i\000n\000t\000\040\000n\000u\000m\000o\000f\000n\000o\000d\000e\000s\000\051}{subsection.6.13.1}% 63
\BOOKMARK [3][-]{subsubsection.6.13.1.3}{\376\377\0006\000.\0001\0003\000.\0001\000.\0003\000\040\000s\000o\000r\000t\000n\000o\000d\000e\000s\000\050\000s\000t\000r\000u\000c\000t\000\040\000n\000o\000d\000e\000s\000t\000r\000u\000c\000t\000\040\000*\000n\000o\000d\000e\000s\000,\000\040\000i\000n\000t\000\040\000n\000u\000m\000o\000f\000n\000o\000d\000e\000s\000\051}{subsection.6.13.1}% 64
\BOOKMARK [1][-]{section.6.14}{\376\377\0006\000.\0001\0004\000\040\000n\000o\000d\000e\000s\000/\000n\000o\000d\000e\000s\000.\000h\000\040\000F\000i\000l\000e\000\040\000R\000e\000f\000e\000r\000e\000n\000c\000e}{chapter.6}% 65
\BOOKMARK [2][-]{subsection.6.14.1}{\376\377\0006\000.\0001\0004\000.\0001\000\040\000D\000e\000t\000a\000i\000l\000e\000d\000\040\000D\000e\000s\000c\000r\000i\000p\000t\000i\000o\000n}{section.6.14}% 66
\BOOKMARK [2][-]{subsection.6.14.2}{\376\377\0006\000.\0001\0004\000.\0002\000\040\000F\000u\000n\000c\000t\000i\000o\000n\000\040\000D\000o\000c\000u\000m\000e\000n\000t\000a\000t\000i\000o\000n}{section.6.14}% 67
\BOOKMARK [3][-]{subsubsection.6.14.2.1}{\376\377\0006\000.\0001\0004\000.\0002\000.\0001\000\040\000c\000r\000e\000a\000t\000e\000n\000o\000d\000e\000s\000\050\000s\000t\000r\000u\000c\000t\000\040\000n\000o\000d\000e\000s\000t\000r\000u\000c\000t\000\040\000*\000n\000o\000d\000e\000s\000,\000\040\000i\000n\000t\000\040\000n\000u\000m\000o\000f\000n\000o\000d\000e\000s\000,\000\040\000i\000n\000t\000\040\000*\000g\000r\000a\000p\000h\000m\000a\000t\000r\000i\000x\000\051}{subsection.6.14.2}% 68
\BOOKMARK [3][-]{subsubsection.6.14.2.2}{\376\377\0006\000.\0001\0004\000.\0002\000.\0002\000\040\000s\000h\000o\000w\000n\000o\000d\000e\000s\000d\000a\000t\000a\000\050\000s\000t\000r\000u\000c\000t\000\040\000n\000o\000d\000e\000s\000t\000r\000u\000c\000t\000\040\000*\000n\000o\000d\000e\000s\000,\000\040\000i\000n\000t\000\040\000n\000u\000m\000o\000f\000n\000o\000d\000e\000s\000\051}{subsection.6.14.2}% 69
\BOOKMARK [3][-]{subsubsection.6.14.2.3}{\376\377\0006\000.\0001\0004\000.\0002\000.\0003\000\040\000s\000o\000r\000t\000n\000o\000d\000e\000s\000\050\000s\000t\000r\000u\000c\000t\000\040\000n\000o\000d\000e\000s\000t\000r\000u\000c\000t\000\040\000*\000n\000o\000d\000e\000s\000,\000\040\000i\000n\000t\000\040\000n\000u\000m\000o\000f\000n\000o\000d\000e\000s\000\051}{subsection.6.14.2}% 70
\BOOKMARK [0][-]{section*.17}{\376\377\000I\000n\000d\000e\000x}{}% 71
